#
# There is insufficient memory for the Java Runtime Environment to continue.
# Native memory allocation (malloc) failed to allocate 985936 bytes for Chunk::new
# Possible reasons:
#   The system is out of physical RAM or swap space
#   The process is running with CompressedOops enabled, and the Java Heap may be blocking the growth of the native heap
# Possible solutions:
#   Reduce memory load on the system
#   Increase physical memory or swap space
#   Check if swap backing store is full
#   Decrease Java heap size (-Xmx/-Xms)
#   Decrease number of Java threads
#   Decrease Java thread stack sizes (-Xss)
#   Set larger code cache with -XX:ReservedCodeCacheSize=
#   JVM is running with Unscaled Compressed Oops mode in which the Java heap is
#     placed in the first 4GB address space. The Java Heap base address is the
#     maximum limit for the native heap growth. Please use -XX:HeapBaseMinAddress
#     to set the Java Heap base and to place the Java Heap above 4GB virtual address.
# This output file may be truncated or incomplete.
#
#  Out of Memory Error (allocation.cpp:389), pid=22396, tid=0x0000000000001880
#
# JRE version: OpenJDK Runtime Environment (Zulu 8.68.0.21-CA-win64) (8.0_362-b09) (build 1.8.0_362-b09)
# Java VM: OpenJDK 64-Bit Server VM (25.362-b09 mixed mode windows-amd64 compressed oops)
# Failed to write core dump. Minidumps are not enabled by default on client versions of Windows
#

---------------  T H R E A D  ---------------

Current thread (0x000001f9626d0800):  JavaThread "C2 CompilerThread1" daemon [_thread_in_native, id=6272, stack(0x0000004482700000,0x0000004482800000)]

Stack: [0x0000004482700000,0x0000004482800000]
[error occurred during error reporting (printing stack bounds), id 0xc0000005]

Native frames: (J=compiled Java code, j=interpreted, Vv=VM code, C=native code)


Current CompileTask:
C2:   9138 2733       4       java.net.URLStreamHandler::parseURL (1193 bytes)


---------------  P R O C E S S  ---------------

Java Threads: ( => current thread )
  0x000001f966dfd000 JavaThread "Keep-Alive-Timer" daemon [_thread_blocked, id=11396, stack(0x0000004483000000,0x0000004483100000)]
  0x000001f966dfc800 JavaThread "Exec Stream Pumper" daemon [_thread_in_native, id=20336, stack(0x0000004482f00000,0x0000004483000000)]
  0x000001f966df7800 JavaThread "Exec Stream Pumper" daemon [_thread_in_native, id=11368, stack(0x0000004482e00000,0x0000004482f00000)]
  0x000001f966df8800 JavaThread "UrlChecker-2" daemon [_thread_blocked, id=17732, stack(0x0000004482c00000,0x0000004482d00000)]
  0x000001f966df6000 JavaThread "Exec Default Executor" daemon [_thread_in_native, id=11068, stack(0x0000004482b00000,0x0000004482c00000)]
  0x000001f962722800 JavaThread "Service Thread" daemon [_thread_blocked, id=21940, stack(0x0000004482900000,0x0000004482a00000)]
  0x000001f9626d3000 JavaThread "C1 CompilerThread2" daemon [_thread_blocked, id=22452, stack(0x0000004482800000,0x0000004482900000)]
=>0x000001f9626d0800 JavaThread "C2 CompilerThread1" daemon [_thread_in_native, id=6272, stack(0x0000004482700000,0x0000004482800000)]
  0x000001f9626cf800 JavaThread "C2 CompilerThread0" daemon [_thread_blocked, id=9104, stack(0x0000004482600000,0x0000004482700000)]
  0x000001f9626bf800 JavaThread "Attach Listener" daemon [_thread_blocked, id=17824, stack(0x0000004482500000,0x0000004482600000)]
  0x000001f9626be800 JavaThread "Signal Dispatcher" daemon [_thread_blocked, id=22516, stack(0x0000004482400000,0x0000004482500000)]
  0x000001f961340000 JavaThread "Finalizer" daemon [_thread_blocked, id=8900, stack(0x0000004482300000,0x0000004482400000)]
  0x000001f961338800 JavaThread "Reference Handler" daemon [_thread_blocked, id=18592, stack(0x0000004482200000,0x0000004482300000)]
  0x000001f94ae70000 JavaThread "Forwarding newSession on session null to remote" [_thread_in_native, id=7096, stack(0x0000004481c00000,0x0000004481d00000)]

Other Threads:
  0x000001f96130f800 VMThread [stack: 0x0000004482100000,0x0000004482200000] [id=18788]
  0x000001f962723000 WatcherThread [stack: 0x0000004482a00000,0x0000004482b00000] [id=10164]

VM state:not at safepoint (normal execution)

VM Mutex/Monitor currently owned by a thread: None

heap address: 0x0000000080000000, size: 2048 MB, Compressed Oops mode: 32-bit
Narrow klass base: 0x0000000000000000, Narrow klass shift: 3
Compressed class space size: 1073741824 Address: 0x0000000100000000

Heap:
 PSYoungGen      total 140800K, used 74846K [0x00000000d5580000, 0x00000000ded80000, 0x0000000100000000)
  eden space 135168K, 51% used [0x00000000d5580000,0x00000000d99a0378,0x00000000dd980000)
  from space 5632K, 90% used [0x00000000ddf80000,0x00000000de4777b0,0x00000000de500000)
  to   space 6144K, 0% used [0x00000000dd980000,0x00000000dd980000,0x00000000ddf80000)
 ParOldGen       total 33792K, used 10818K [0x0000000080000000, 0x0000000082100000, 0x00000000d5580000)
  object space 33792K, 32% used [0x0000000080000000,0x0000000080a90b48,0x0000000082100000)
 Metaspace       used 29043K, capacity 29804K, committed 30080K, reserved 1075200K
  class space    used 3411K, capacity 3629K, committed 3712K, reserved 1048576K

Card table byte_map: [0x000001f95bc80000,0x000001f95c090000] byte_map_base: 0x000001f95b880000

Marking Bits: (ParMarkBitMap*) 0x00000000622c5390
 Begin Bits: [0x000001f95c340000, 0x000001f95e340000)
 End Bits:   [0x000001f95e340000, 0x000001f960340000)

Polling page: 0x000001f94c770000

CodeCache: size=245760Kb used=11998Kb max_used=11998Kb free=233761Kb
 bounds [0x000001f94c8c0000, 0x000001f94d480000, 0x000001f95b8c0000]
 total_blobs=3427 nmethods=2736 adapters=601
 compilation: enabled

Compilation events (10 events):
Event: 8.787 Thread 0x000001f9626d3000 2737       3       java.lang.invoke.ConstantCallSite::getTarget (20 bytes)
Event: 8.787 Thread 0x000001f9626d3000 nmethod 2737 0x000001f94d4615d0 code [0x000001f94d461740, 0x000001f94d4619b0]
Event: 8.787 Thread 0x000001f9626d3000 2736       1       java.lang.invoke.InnerClassLambdaMetafactory::access$700 (5 bytes)
Event: 8.787 Thread 0x000001f9626d3000 nmethod 2736 0x000001f94d464690 code [0x000001f94d4647e0, 0x000001f94d4648d8]
Event: 8.788 Thread 0x000001f9626d3000 2738       3       jdk.internal.org.objectweb.asm.Frame::set (65 bytes)
Event: 8.789 Thread 0x000001f9626d3000 nmethod 2738 0x000001f94d463e50 code [0x000001f94d463fe0, 0x000001f94d4644b0]
Event: 8.867 Thread 0x000001f9626cf800 2739       4       java.util.concurrent.ConcurrentHashMap::get (162 bytes)
Event: 8.867 Thread 0x000001f9626d3000 2740       3       jdk.internal.org.objectweb.asm.MethodVisitor::visitVarInsn (17 bytes)
Event: 8.867 Thread 0x000001f9626d3000 nmethod 2740 0x000001f94d463990 code [0x000001f94d463b00, 0x000001f94d463d70]
Event: 8.869 Thread 0x000001f9626cf800 nmethod 2739 0x000001f94d466590 code [0x000001f94d4666e0, 0x000001f94d466998]

GC Heap History (10 events):
Event: 3.393 GC heap before
{Heap before GC invocations=9 (full 0):
 PSYoungGen      total 67072K, used 66956K [0x00000000d5580000, 0x00000000d9c80000, 0x0000000100000000)
  eden space 62976K, 100% used [0x00000000d5580000,0x00000000d9300000,0x00000000d9300000)
  from space 4096K, 97% used [0x00000000d9780000,0x00000000d9b631b0,0x00000000d9b80000)
  to   space 4608K, 0% used [0x00000000d9300000,0x00000000d9300000,0x00000000d9780000)
 ParOldGen       total 42496K, used 5954K [0x0000000080000000, 0x0000000082980000, 0x00000000d5580000)
  object space 42496K, 14% used [0x0000000080000000,0x00000000805d0b20,0x0000000082980000)
 Metaspace       used 19861K, capacity 20140K, committed 20608K, reserved 1067008K
  class space    used 2194K, capacity 2307K, committed 2432K, reserved 1048576K
Event: 3.401 GC heap after
Heap after GC invocations=9 (full 0):
 PSYoungGen      total 67584K, used 4607K [0x00000000d5580000, 0x00000000dc300000, 0x0000000100000000)
  eden space 62976K, 0% used [0x00000000d5580000,0x00000000d5580000,0x00000000d9300000)
  from space 4608K, 99% used [0x00000000d9300000,0x00000000d977ff90,0x00000000d9780000)
  to   space 5632K, 0% used [0x00000000dbd80000,0x00000000dbd80000,0x00000000dc300000)
 ParOldGen       total 42496K, used 7917K [0x0000000080000000, 0x0000000082980000, 0x00000000d5580000)
  object space 42496K, 18% used [0x0000000080000000,0x00000000807bb570,0x0000000082980000)
 Metaspace       used 19861K, capacity 20140K, committed 20608K, reserved 1067008K
  class space    used 2194K, capacity 2307K, committed 2432K, reserved 1048576K
}
Event: 3.987 GC heap before
{Heap before GC invocations=10 (full 0):
 PSYoungGen      total 67584K, used 39822K [0x00000000d5580000, 0x00000000dc300000, 0x0000000100000000)
  eden space 62976K, 55% used [0x00000000d5580000,0x00000000d77e3938,0x00000000d9300000)
  from space 4608K, 99% used [0x00000000d9300000,0x00000000d977ff90,0x00000000d9780000)
  to   space 5632K, 0% used [0x00000000dbd80000,0x00000000dbd80000,0x00000000dc300000)
 ParOldGen       total 42496K, used 7917K [0x0000000080000000, 0x0000000082980000, 0x00000000d5580000)
  object space 42496K, 18% used [0x0000000080000000,0x00000000807bb570,0x0000000082980000)
 Metaspace       used 20810K, capacity 21066K, committed 21296K, reserved 1069056K
  class space    used 2298K, capacity 2401K, committed 2432K, reserved 1048576K
Event: 3.995 GC heap after
Heap after GC invocations=10 (full 0):
 PSYoungGen      total 106496K, used 2909K [0x00000000d5580000, 0x00000000dc300000, 0x0000000100000000)
  eden space 100864K, 0% used [0x00000000d5580000,0x00000000d5580000,0x00000000db800000)
  from space 5632K, 51% used [0x00000000dbd80000,0x00000000dc057678,0x00000000dc300000)
  to   space 5632K, 0% used [0x00000000db800000,0x00000000db800000,0x00000000dbd80000)
 ParOldGen       total 42496K, used 9870K [0x0000000080000000, 0x0000000082980000, 0x00000000d5580000)
  object space 42496K, 23% used [0x0000000080000000,0x00000000809a39a8,0x0000000082980000)
 Metaspace       used 20810K, capacity 21066K, committed 21296K, reserved 1069056K
  class space    used 2298K, capacity 2401K, committed 2432K, reserved 1048576K
}
Event: 3.995 GC heap before
{Heap before GC invocations=11 (full 1):
 PSYoungGen      total 106496K, used 2909K [0x00000000d5580000, 0x00000000dc300000, 0x0000000100000000)
  eden space 100864K, 0% used [0x00000000d5580000,0x00000000d5580000,0x00000000db800000)
  from space 5632K, 51% used [0x00000000dbd80000,0x00000000dc057678,0x00000000dc300000)
  to   space 5632K, 0% used [0x00000000db800000,0x00000000db800000,0x00000000dbd80000)
 ParOldGen       total 42496K, used 9870K [0x0000000080000000, 0x0000000082980000, 0x00000000d5580000)
  object space 42496K, 23% used [0x0000000080000000,0x00000000809a39a8,0x0000000082980000)
 Metaspace       used 20810K, capacity 21066K, committed 21296K, reserved 1069056K
  class space    used 2298K, capacity 2401K, committed 2432K, reserved 1048576K
Event: 4.036 GC heap after
Heap after GC invocations=11 (full 1):
 PSYoungGen      total 106496K, used 0K [0x00000000d5580000, 0x00000000dc300000, 0x0000000100000000)
  eden space 100864K, 0% used [0x00000000d5580000,0x00000000d5580000,0x00000000db800000)
  from space 5632K, 0% used [0x00000000dbd80000,0x00000000dbd80000,0x00000000dc300000)
  to   space 5632K, 0% used [0x00000000db800000,0x00000000db800000,0x00000000dbd80000)
 ParOldGen       total 33792K, used 8634K [0x0000000080000000, 0x0000000082100000, 0x00000000d5580000)
  object space 33792K, 25% used [0x0000000080000000,0x000000008086eac8,0x0000000082100000)
 Metaspace       used 20810K, capacity 21066K, committed 21296K, reserved 1069056K
  class space    used 2298K, capacity 2401K, committed 2432K, reserved 1048576K
}
Event: 4.865 GC heap before
{Heap before GC invocations=12 (full 1):
 PSYoungGen      total 106496K, used 100864K [0x00000000d5580000, 0x00000000dc300000, 0x0000000100000000)
  eden space 100864K, 100% used [0x00000000d5580000,0x00000000db800000,0x00000000db800000)
  from space 5632K, 0% used [0x00000000dbd80000,0x00000000dbd80000,0x00000000dc300000)
  to   space 5632K, 0% used [0x00000000db800000,0x00000000db800000,0x00000000dbd80000)
 ParOldGen       total 33792K, used 8634K [0x0000000080000000, 0x0000000082100000, 0x00000000d5580000)
  object space 33792K, 25% used [0x0000000080000000,0x000000008086eac8,0x0000000082100000)
 Metaspace       used 22808K, capacity 23170K, committed 23424K, reserved 1071104K
  class space    used 2510K, capacity 2650K, committed 2688K, reserved 1048576K
Event: 4.869 GC heap after
Heap after GC invocations=12 (full 1):
 PSYoungGen      total 106496K, used 3035K [0x00000000d5580000, 0x00000000de500000, 0x0000000100000000)
  eden space 100864K, 0% used [0x00000000d5580000,0x00000000d5580000,0x00000000db800000)
  from space 5632K, 53% used [0x00000000db800000,0x00000000dbaf6f88,0x00000000dbd80000)
  to   space 5632K, 0% used [0x00000000ddf80000,0x00000000ddf80000,0x00000000de500000)
 ParOldGen       total 33792K, used 8642K [0x0000000080000000, 0x0000000082100000, 0x00000000d5580000)
  object space 33792K, 25% used [0x0000000080000000,0x0000000080870ac8,0x0000000082100000)
 Metaspace       used 22808K, capacity 23170K, committed 23424K, reserved 1071104K
  class space    used 2510K, capacity 2650K, committed 2688K, reserved 1048576K
}
Event: 5.449 GC heap before
{Heap before GC invocations=13 (full 1):
 PSYoungGen      total 106496K, used 103899K [0x00000000d5580000, 0x00000000de500000, 0x0000000100000000)
  eden space 100864K, 100% used [0x00000000d5580000,0x00000000db800000,0x00000000db800000)
  from space 5632K, 53% used [0x00000000db800000,0x00000000dbaf6f88,0x00000000dbd80000)
  to   space 5632K, 0% used [0x00000000ddf80000,0x00000000ddf80000,0x00000000de500000)
 ParOldGen       total 33792K, used 8642K [0x0000000080000000, 0x0000000082100000, 0x00000000d5580000)
  object space 33792K, 25% used [0x0000000080000000,0x0000000080870ac8,0x0000000082100000)
 Metaspace       used 24251K, capacity 24606K, committed 24960K, reserved 1071104K
  class space    used 2721K, capacity 2850K, committed 2944K, reserved 1048576K
Event: 5.479 GC heap after
Heap after GC invocations=13 (full 1):
 PSYoungGen      total 140800K, used 5085K [0x00000000d5580000, 0x00000000ded80000, 0x0000000100000000)
  eden space 135168K, 0% used [0x00000000d5580000,0x00000000d5580000,0x00000000dd980000)
  from space 5632K, 90% used [0x00000000ddf80000,0x00000000de4777b0,0x00000000de500000)
  to   space 6144K, 0% used [0x00000000dd980000,0x00000000dd980000,0x00000000ddf80000)
 ParOldGen       total 33792K, used 10818K [0x0000000080000000, 0x0000000082100000, 0x00000000d5580000)
  object space 33792K, 32% used [0x0000000080000000,0x0000000080a90b48,0x0000000082100000)
 Metaspace       used 24251K, capacity 24606K, committed 24960K, reserved 1071104K
  class space    used 2721K, capacity 2850K, committed 2944K, reserved 1048576K
}

Deoptimization events (10 events):
Event: 6.681 Thread 0x000001f94ae70000 Uncommon trap: reason=bimorphic action=maybe_recompile pc=0x000001f94cf43bc0 method=java.net.URL.<init>(Ljava/net/URL;Ljava/lang/String;Ljava/net/URLStreamHandler;)V @ 504
Event: 6.681 Thread 0x000001f94ae70000 Uncommon trap: reason=unstable_if action=reinterpret pc=0x000001f94cb47138 method=sun.net.util.IPAddressUtil.scan(Ljava/lang/String;JJ[C)I @ 14
Event: 7.284 Thread 0x000001f94ae70000 Uncommon trap: reason=unstable_if action=reinterpret pc=0x000001f94cbde1bc method=sun.nio.cs.UTF_8$Decoder.decode([BII[C)I @ 30
Event: 7.284 Thread 0x000001f94ae70000 Uncommon trap: reason=unstable_if action=reinterpret pc=0x000001f94d022da4 method=java.lang.StringCoding.safeTrim([CILjava/nio/charset/Charset;Z)[C @ 3
Event: 7.284 Thread 0x000001f94ae70000 Uncommon trap: reason=unstable_if action=reinterpret pc=0x000001f94d3980c0 method=sun.security.util.DerValue.isPrintableStringChar(C)Z @ 9
Event: 7.284 Thread 0x000001f94ae70000 Uncommon trap: reason=unstable_if action=reinterpret pc=0x000001f94ceee764 method=java.lang.CharacterData.of(I)Ljava/lang/CharacterData; @ 4
Event: 7.295 Thread 0x000001f94ae70000 Uncommon trap: reason=unstable_if action=reinterpret pc=0x000001f94d00badc method=java.lang.StringCoding.safeTrim([CILjava/nio/charset/Charset;Z)[C @ 3
Event: 7.295 Thread 0x000001f94ae70000 Uncommon trap: reason=unstable_if action=reinterpret pc=0x000001f94d0246bc method=java.lang.StringCoding.safeTrim([CILjava/nio/charset/Charset;Z)[C @ 3
Event: 7.357 Thread 0x000001f94ae70000 Uncommon trap: reason=unstable_if action=reinterpret pc=0x000001f94ca89570 method=java.lang.String.replace(CC)Ljava/lang/String; @ 2
Event: 7.360 Thread 0x000001f94ae70000 Uncommon trap: reason=unstable_if action=reinterpret pc=0x000001f94cb47408 method=sun.net.util.IPAddressUtil.scan(Ljava/lang/String;JJ[C)I @ 14

Classes redefined (0 events):
No events

Internal exceptions (10 events):
Event: 5.725 Thread 0x000001f94ae70000 Exception <a 'java/lang/ClassNotFoundException': com/kms/katalon/core/webui/keyword/builtin/OpenBrowserKeywordCustomizer> (0x00000000d63a7348) thrown at [C:\jenkins\workspace\zulu-platform-build\zulu-src.git\hotspot\src\share\vm\classfile\systemDictionary
Event: 5.732 Thread 0x000001f94ae70000 Exception <a 'java/lang/ClassNotFoundException': com/kms/katalon/core/logging/KeywordLoggerBeanInfo> (0x00000000d64ad2d0) thrown at [C:\jenkins\workspace\zulu-platform-build\zulu-src.git\hotspot\src\share\vm\classfile\systemDictionary.cpp, line 220]
Event: 5.740 Thread 0x000001f94ae70000 Exception <a 'java/lang/ClassNotFoundException': com/kms/katalon/core/logging/KeywordLoggerCustomizer> (0x00000000d65717c8) thrown at [C:\jenkins\workspace\zulu-platform-build\zulu-src.git\hotspot\src\share\vm\classfile\systemDictionary.cpp, line 220]
Event: 5.777 Thread 0x000001f94ae70000 Exception <a 'java/lang/ClassNotFoundException': com/kms/katalon/core/webui/keyword/builtin/InternalSmartWaitGroovyWrapperBeanInfo> (0x00000000d6826240) thrown at [C:\jenkins\workspace\zulu-platform-build\zulu-src.git\hotspot\src\share\vm\classfile\system
Event: 5.781 Thread 0x000001f94ae70000 Exception <a 'java/lang/ClassNotFoundException': com/kms/katalon/core/webui/keyword/builtin/InternalSmartWaitGroovyWrapperCustomizer> (0x00000000d692eed0) thrown at [C:\jenkins\workspace\zulu-platform-build\zulu-src.git\hotspot\src\share\vm\classfile\syst
Event: 7.917 Thread 0x000001f966df8800 Exception <a 'java/net/SocketTimeoutException': connect timed out> (0x00000000d8b48f18) thrown at [C:\jenkins\workspace\zulu-platform-build\zulu-src.git\hotspot\src\share\vm\prims\jni.cpp, line 736]
Event: 8.434 Thread 0x000001f966df8800 Exception <a 'java/net/SocketTimeoutException': connect timed out> (0x00000000d8b4a410) thrown at [C:\jenkins\workspace\zulu-platform-build\zulu-src.git\hotspot\src\share\vm\prims\jni.cpp, line 736]
Event: 8.524 Thread 0x000001f94ae70000 Exception <a 'java/lang/IncompatibleClassChangeError': Found class java.lang.Object, but interface was expected> (0x00000000d89cc668) thrown at [C:\jenkins\workspace\zulu-platform-build\zulu-src.git\hotspot\src\share\vm\interpreter\linkResolver.cpp, line 
Event: 8.541 Thread 0x000001f94ae70000 Exception <a 'java/lang/NoSuchMethodError': java.lang.Object.lambda$or$2(Ljava/util/function/Predicate;Ljava/lang/Object;)Z> (0x00000000d8f31c00) thrown at [C:\jenkins\workspace\zulu-platform-build\zulu-src.git\hotspot\src\share\vm\interpreter\linkResolve
Event: 8.705 Thread 0x000001f94ae70000 Exception <a 'java/lang/NoSuchMethodError': java.lang.Object.lambda$chars$0()Ljava/util/Spliterator$OfInt;> (0x00000000d92df658) thrown at [C:\jenkins\workspace\zulu-platform-build\zulu-src.git\hotspot\src\share\vm\interpreter\linkResolver.cpp, line 620]

Events (10 events):
Event: 8.867 loading class com/google/common/collect/ImmutableRangeSet$Builder
Event: 8.867 loading class com/google/common/collect/ImmutableRangeSet$Builder done
Event: 8.867 loading class com/google/common/collect/ImmutableRangeSet$Builder
Event: 8.867 loading class com/google/common/collect/ImmutableRangeSet$Builder done
Event: 8.867 loading class com/google/common/collect/ImmutableRangeSet$Builder
Event: 8.867 loading class com/google/common/collect/ImmutableRangeSet$Builder done
Event: 8.867 loading class com/google/common/collect/ImmutableRangeSet
Event: 8.867 loading class com/google/common/collect/ImmutableRangeSet done
Event: 8.867 loading class com/google/common/collect/ImmutableRangeSet$Builder
Event: 8.867 loading class com/google/common/collect/ImmutableRangeSet$Builder done


Dynamic libraries:
0x00007ff6b3670000 - 0x00007ff6b36c1000 	C:\Users\Lenovo\.katalon\packages\Katalon_Studio_Windows_64-8.6.8\Katalon_Studio_Windows_64-8.6.8\jre\bin\javaw.exe
0x00007ffe0e1b0000 - 0x00007ffe0e3c7000 	C:\WINDOWS\SYSTEM32\ntdll.dll
0x00007ffe0ca10000 - 0x00007ffe0cad4000 	C:\WINDOWS\System32\KERNEL32.DLL
0x00007ffe0bb60000 - 0x00007ffe0bf06000 	C:\WINDOWS\System32\KERNELBASE.dll
0x00007ffe0dfb0000 - 0x00007ffe0e060000 	C:\WINDOWS\System32\ADVAPI32.dll
0x00007ffe0cae0000 - 0x00007ffe0cb87000 	C:\WINDOWS\System32\msvcrt.dll
0x00007ffe0c020000 - 0x00007ffe0c0c6000 	C:\WINDOWS\System32\sechost.dll
0x00007ffe0cd40000 - 0x00007ffe0ce57000 	C:\WINDOWS\System32\RPCRT4.dll
0x00007ffe0da00000 - 0x00007ffe0dbae000 	C:\WINDOWS\System32\USER32.dll
0x00007ffe0b6c0000 - 0x00007ffe0b6e6000 	C:\WINDOWS\System32\win32u.dll
0x00007ffe0bff0000 - 0x00007ffe0c019000 	C:\WINDOWS\System32\GDI32.dll
0x00007ffe0b920000 - 0x00007ffe0ba38000 	C:\WINDOWS\System32\gdi32full.dll
0x00007ffe0ba40000 - 0x00007ffe0bada000 	C:\WINDOWS\System32\msvcp_win.dll
0x00007ffe0b530000 - 0x00007ffe0b641000 	C:\WINDOWS\System32\ucrtbase.dll
0x00007ffdfc220000 - 0x00007ffdfc4b3000 	C:\WINDOWS\WinSxS\amd64_microsoft.windows.common-controls_6595b64144ccf1df_6.0.22621.2361_none_2712ced57382f843\COMCTL32.dll
0x00007ffe0d4b0000 - 0x00007ffe0d4e1000 	C:\WINDOWS\System32\IMM32.DLL
0x000001f94c790000 - 0x000001f94c7a4000 	C:\WINDOWS\System32\umppc17506.dll
0x00007ffde4bc0000 - 0x00007ffde4bd5000 	C:\Users\Lenovo\.katalon\packages\Katalon_Studio_Windows_64-8.6.8\Katalon_Studio_Windows_64-8.6.8\jre\bin\vcruntime140.dll
0x00007ffddfbf0000 - 0x00007ffddfc8b000 	C:\Users\Lenovo\.katalon\packages\Katalon_Studio_Windows_64-8.6.8\Katalon_Studio_Windows_64-8.6.8\jre\bin\msvcp140.dll
0x0000000061ad0000 - 0x0000000062340000 	C:\Users\Lenovo\.katalon\packages\Katalon_Studio_Windows_64-8.6.8\Katalon_Studio_Windows_64-8.6.8\jre\bin\server\jvm.dll
0x00007ffe0cb90000 - 0x00007ffe0cb98000 	C:\WINDOWS\System32\PSAPI.DLL
0x00007ffdfa3d0000 - 0x00007ffdfa3d9000 	C:\WINDOWS\SYSTEM32\WSOCK32.dll
0x00007ffe0bf10000 - 0x00007ffe0bf81000 	C:\WINDOWS\System32\WS2_32.dll
0x00007ffe036c0000 - 0x00007ffe036f4000 	C:\WINDOWS\SYSTEM32\WINMM.dll
0x00007ffe02930000 - 0x00007ffe0293a000 	C:\WINDOWS\SYSTEM32\VERSION.dll
0x00007ffe0a510000 - 0x00007ffe0a528000 	C:\WINDOWS\SYSTEM32\kernel.appcore.dll
0x00007ffe04760000 - 0x00007ffe04770000 	C:\Users\Lenovo\.katalon\packages\Katalon_Studio_Windows_64-8.6.8\Katalon_Studio_Windows_64-8.6.8\jre\bin\verify.dll
0x00007ffd79950000 - 0x00007ffd7997b000 	C:\Users\Lenovo\.katalon\packages\Katalon_Studio_Windows_64-8.6.8\Katalon_Studio_Windows_64-8.6.8\jre\bin\java.dll
0x00007ffd9e0f0000 - 0x00007ffd9e108000 	C:\Users\Lenovo\.katalon\packages\Katalon_Studio_Windows_64-8.6.8\Katalon_Studio_Windows_64-8.6.8\jre\bin\zip.dll
0x00007ffe0c1b0000 - 0x00007ffe0ca08000 	C:\WINDOWS\System32\SHELL32.dll
0x00007ffe09490000 - 0x00007ffe09d82000 	C:\WINDOWS\SYSTEM32\windows.storage.dll
0x00007ffe0dbb0000 - 0x00007ffe0df3a000 	C:\WINDOWS\System32\combase.dll
0x00007ffe09350000 - 0x00007ffe0948e000 	C:\WINDOWS\SYSTEM32\wintypes.dll
0x00007ffe0d740000 - 0x00007ffe0d833000 	C:\WINDOWS\System32\SHCORE.dll
0x00007ffe0ce80000 - 0x00007ffe0cede000 	C:\WINDOWS\System32\shlwapi.dll
0x00007ffe0b460000 - 0x00007ffe0b486000 	C:\WINDOWS\SYSTEM32\profapi.dll
0x00007ffd7b8b0000 - 0x00007ffd7b8cc000 	C:\Users\Lenovo\.katalon\packages\Katalon_Studio_Windows_64-8.6.8\Katalon_Studio_Windows_64-8.6.8\jre\bin\net.dll
0x00007ffe0a9f0000 - 0x00007ffe0aa59000 	C:\WINDOWS\system32\mswsock.dll
0x00007ffd79cb0000 - 0x00007ffd79cc3000 	C:\Users\Lenovo\.katalon\packages\Katalon_Studio_Windows_64-8.6.8\Katalon_Studio_Windows_64-8.6.8\jre\bin\nio.dll
0x00007ffe0a060000 - 0x00007ffe0a159000 	C:\WINDOWS\SYSTEM32\DNSAPI.dll
0x00007ffe0a030000 - 0x00007ffe0a05d000 	C:\WINDOWS\SYSTEM32\IPHLPAPI.DLL
0x00007ffe0d5a0000 - 0x00007ffe0d5a9000 	C:\WINDOWS\System32\NSI.dll
0x00000000625c0000 - 0x00000000625e6000 	C:\Program Files\Bonjour\mdnsNSP.dll
0x00007ffdf99d0000 - 0x00007ffdf99da000 	C:\Windows\System32\rasadhlp.dll
0x00007ffe01670000 - 0x00007ffe016f4000 	C:\WINDOWS\System32\fwpuclnt.dll
0x00007ffde59f0000 - 0x00007ffde5a14000 	C:\Users\Lenovo\.katalon\packages\Katalon_Studio_Windows_64-8.6.8\Katalon_Studio_Windows_64-8.6.8\jre\bin\sunec.dll
0x00007ffde4040000 - 0x00007ffde404d000 	C:\Users\Lenovo\.katalon\packages\Katalon_Studio_Windows_64-8.6.8\Katalon_Studio_Windows_64-8.6.8\jre\bin\sunmscapi.dll
0x00007ffe0b6f0000 - 0x00007ffe0b856000 	C:\WINDOWS\System32\CRYPT32.dll
0x00007ffe0add0000 - 0x00007ffe0adfd000 	C:\WINDOWS\SYSTEM32\ncrypt.dll
0x00007ffe0ad90000 - 0x00007ffe0adc7000 	C:\WINDOWS\SYSTEM32\NTASN1.dll
0x00007ffe0ac40000 - 0x00007ffe0ac5b000 	C:\WINDOWS\SYSTEM32\CRYPTSP.dll
0x00007ffe0a4d0000 - 0x00007ffe0a505000 	C:\WINDOWS\system32\rsaenh.dll
0x00007ffe0aae0000 - 0x00007ffe0ab0c000 	C:\WINDOWS\SYSTEM32\USERENV.dll
0x00007ffe0ae00000 - 0x00007ffe0ae28000 	C:\WINDOWS\SYSTEM32\bcrypt.dll
0x00007ffe0bae0000 - 0x00007ffe0bb5a000 	C:\WINDOWS\System32\bcryptprimitives.dll
0x00007ffe0ac60000 - 0x00007ffe0ac6c000 	C:\WINDOWS\SYSTEM32\CRYPTBASE.dll
0x00007ffe04a50000 - 0x00007ffe04a69000 	C:\WINDOWS\SYSTEM32\dhcpcsvc6.DLL
0x00007ffe04190000 - 0x00007ffe041af000 	C:\WINDOWS\SYSTEM32\dhcpcsvc.DLL

VM Arguments:
jvm_args: -Dgroovy.home=C:\Users\Lenovo/.groovy -Djava.system.class.loader=groovy.lang.GroovyClassLoader -Xmx2048m -Dfile.encoding=UTF-8 
java_command: org.codehaus.groovy.tools.GroovyStarter --classpath D:\Sanbercode_Dawit\Sanbarcode-Katalon-Dawit Janu\bin\keyword;D:\Sanbercode_Dawit\Sanbarcode-Katalon-Dawit Janu\Keywords;D:\Sanbercode_Dawit\Sanbarcode-Katalon-Dawit Janu\bin\listener;D:\Sanbercode_Dawit\Sanbarcode-Katalon-Dawit Janu\Test Listeners;D:\Sanbercode_Dawit\Sanbarcode-Katalon-Dawit Janu\bin\lib;D:\Sanbercode_Dawit\Sanbarcode-Katalon-Dawit Janu\Libs;D:\Sanbercode_Dawit\Sanbarcode-Katalon-Dawit Janu\bin\groovy;D:\Sanbercode_Dawit\Sanbarcode-Katalon-Dawit Janu\Include\scripts\groovy;C:\Users\Lenovo\.katalon\packages\Katalon_Studio_Windows_64-8.6.8\Katalon_Studio_Windows_64-8.6.8\plugins\com.kms.katalon.core_1.0.0.202309060301.jar;C:\Users\Lenovo\.katalon\packages\Katalon_Studio_Windows_64-8.6.8\Katalon_Studio_Windows_64-8.6.8\configuration\resources\lib\aalto-xml-1.0.0.jar;C:\Users\Lenovo\.katalon\packages\Katalon_Studio_Windows_64-8.6.8\Katalon_Studio_Windows_64-8.6.8\configuration\resources\lib\aspectjweaver-1.9.1.jar;C:\Users\Lenovo\.katalon\packages\Katalon_Studio_Windows_64-8.6.8\Katalon_Studio_Windows_64-8.6.8\configuration\resources\lib\bcpkix-jdk15on-1.64.jar;C:\Users\Lenovo\.katalon\packages\Katalon_Studio_Windows_64-8.6.8\Katalon_Studio_Windows_64-8.6.8\configuration\resources\lib\bcprov-jdk15on-1.64.jar;C:\Users\Lenovo\.katalon\packages\Katalon_Studio_Windows_64-8.6.8\Katalon_Studio_Windows_64-8.6.8\configuration\resources\lib\browsermob-core-2.1.5.jar;C:\Users\Lenovo\.katalon\packages\Katalon_Studio_Windows_64-8.6.8\Katalon_Studio_Windows_64-8.6.8\configuration\resources\lib\cglib-3.2.10.jar;C:\Users\Lenovo\.katalon\packages\Katalon_Studio_Windows_64-8.6.8\Katalon_Studio_Windows_64-8.6.8\configuration\resources\lib\commons-codec-1.10.jar;C:\Users\Lenovo\.katalon\packages\Katalon_Studio_Windows_64-8.6.8\Katalon_Studio_Windows_64-8.6.8\configuration\resources\lib\commons-collections4-4.1.jar;C:\Users\Lenovo\.katalon\packages\Katalon_Studio_Windows_64-8.6.8\Katalon_Studio_Windows_64
java_class_path (initial): D:\Sanbercode_Dawit\Sanbarcode-Katalon-Dawit Janu\bin\keyword;D:\Sanbercode_Dawit\Sanbarcode-Katalon-Dawit Janu\bin\listener;D:\Sanbercode_Dawit\Sanbarcode-Katalon-Dawit Janu\bin\lib;D:\Sanbercode_Dawit\Sanbarcode-Katalon-Dawit Janu\bin\groovy;D:\Sanbercode_Dawit\Sanbarcode-Katalon-Dawit Janu\bin;C:\Users\Lenovo\.katalon\packages\Katalon_Studio_Windows_64-8.6.8\Katalon_Studio_Windows_64-8.6.8\plugins\com.kms.katalon.core_1.0.0.202309060301.jar;C:\Users\Lenovo\.katalon\packages\Katalon_Studio_Windows_64-8.6.8\Katalon_Studio_Windows_64-8.6.8\configuration\resources\lib\aalto-xml-1.0.0.jar;C:\Users\Lenovo\.katalon\packages\Katalon_Studio_Windows_64-8.6.8\Katalon_Studio_Windows_64-8.6.8\configuration\resources\lib\aspectjweaver-1.9.1.jar;C:\Users\Lenovo\.katalon\packages\Katalon_Studio_Windows_64-8.6.8\Katalon_Studio_Windows_64-8.6.8\configuration\resources\lib\bcpkix-jdk15on-1.64.jar;C:\Users\Lenovo\.katalon\packages\Katalon_Studio_Windows_64-8.6.8\Katalon_Studio_Windows_64-8.6.8\configuration\resources\lib\bcprov-jdk15on-1.64.jar;C:\Users\Lenovo\.katalon\packages\Katalon_Studio_Windows_64-8.6.8\Katalon_Studio_Windows_64-8.6.8\configuration\resources\lib\browsermob-core-2.1.5.jar;C:\Users\Lenovo\.katalon\packages\Katalon_Studio_Windows_64-8.6.8\Katalon_Studio_Windows_64-8.6.8\configuration\resources\lib\cglib-3.2.10.jar;C:\Users\Lenovo\.katalon\packages\Katalon_Studio_Windows_64-8.6.8\Katalon_Studio_Windows_64-8.6.8\configuration\resources\lib\commons-codec-1.10.jar;C:\Users\Lenovo\.katalon\packages\Katalon_Studio_Windows_64-8.6.8\Katalon_Studio_Windows_64-8.6.8\configuration\resources\lib\commons-collections4-4.1.jar;C:\Users\Lenovo\.katalon\packages\Katalon_Studio_Windows_64-8.6.8\Katalon_Studio_Windows_64-8.6.8\configuration\resources\lib\commons-validator-1.6.jar;C:\Users\Lenovo\.katalon\packages\Katalon_Studio_Windows_64-8.6.8\Katalon_Studio_Windows_64-8.6.8\configuration\resources\lib\curvesapi-1.04.jar;C:\Users\Lenovo\.katalon\packag
Launcher Type: SUN_STANDARD

Environment Variables:
JAVA_HOME=C:\Program Files\Java\jdk-17
PATH=C:/Users/Lenovo/.katalon/packages/Katalon_Studio_Windows_64-8.6.8/Katalon_Studio_Windows_64-8.6.8/jre/bin/server;C:/Users/Lenovo/.katalon/packages/Katalon_Studio_Windows_64-8.6.8/Katalon_Studio_Windows_64-8.6.8/jre/bin;C:/Users/Lenovo/.katalon/packages/Katalon_Studio_Windows_64-8.6.8/Katalon_Studio_Windows_64-8.6.8/jre/lib/amd64;C:\Program Files (x86)\Common Files\Oracle\Java\javapath;C:\oraclexe\app\oracle\product\11.2.0\server\bin;C:\WINDOWS\system32;C:\WINDOWS;C:\WINDOWS\System32\Wbem;C:\WINDOWS\System32\WindowsPowerShell\v1.0\;C:\WINDOWS\System32\OpenSSH\;C:\Oracle\instantclient_19_8;C:\Program Files\nodejs\;C:\Program Files\Java\jdk-17\bin;C:\Program Files\Java\jre-1.8\lib\ext;C:\Program Files\Git\cmd;C:\Users\Lenovo\AppData\Local\Microsoft\WindowsApps;C:\xampp\php;C:\Users\Lenovo\composer;C:\Users\Lenovo\AppData\Roaming\Composer\vendor\bin;C:\Users\Lenovo\AppData\Local\Programs\Microsoft VS Code\bin;C:\Users\Lenovo\AppData\Roaming\npm;C:\WebDriver;C:\android-sdk\platform-tools;C:\android-sdk\build-tools;C:\Oracle\instantclient_19_8;C:\xampp\php;C:\Users\Lenovo\composer;C:\Users\Lenovo\AppData\Roaming\Composer\vendor\bin;C:\Users\Lenovo\AppData\Local\Programs\Microsoft VS Code\bin;C:\Users\Lenovo\AppData\Roaming\npm;C:\WebDriver;C:\Program Files\Java\jre-1.8\lib\ext;;C:\Users\Lenovo\.katalon\packages\Katalon_Studio_Windows_64-8.6.8\Katalon_Studio_Windows_64-8.6.8;
USERNAME=Lenovo
OS=Windows_NT
PROCESSOR_IDENTIFIER=Intel64 Family 6 Model 126 Stepping 5, GenuineIntel



---------------  S Y S T E M  ---------------

OS: Windows 11 , 64 bit Build 22621 (10.0.22621.2361)

CPU:total 4 (initial active 4) (2 cores per cpu, 2 threads per core) family 6 model 126 stepping 5, cmov, cx8, fxsr, mmx, sse, sse2, sse3, ssse3, sse4.1, sse4.2, popcnt, avx, avx2, aes, clmul, erms, 3dnowpref, lzcnt, ht, tsc, tscinvbit, bmi1, bmi2, adx

Memory: 4k page, physical 3984632k(293000k free), swap 16043256k(4312k free)

vm_info: OpenJDK 64-Bit Server VM (25.362-b09) for windows-amd64 JRE (Zulu 8.68.0.21-CA-win64) (1.8.0_362-b09), built on Jan 19 2023 16:49:02 by "tester" with MS VC++ 15.9 (VS2017)

time: Thu Oct  5 18:48:12 2023
timezone: SE Asia Standard Time
elapsed time: 9.146252 seconds (0d 0h 0m 9s)

